<?xml version="1.0" encoding="UTF-8"?>
<testsuite name="com.fileio.EmployeePayrollServiceTest" tests="1" skipped="0" failures="0" errors="0" timestamp="2021-08-18T11:27:15" hostname="SHRADHA" time="0.864">
  <properties/>
  <testcase name="givenNewEmployee_whenAdded_shouldSyncwithDB()" classname="com.fileio.EmployeePayrollServiceTest" time="0.864"/>
  <system-out><![CDATA[Driver loaded
Connecting to database :jdbc:mysql://localhost:3306/payroll_service?characterEncoding=latin1
Connection is successful!!!com.mysql.jdbc.JDBC4Connection@437cb1
Driver loaded
Connecting to database :jdbc:mysql://localhost:3306/payroll_service?characterEncoding=latin1
Connection is successful!!!com.mysql.jdbc.JDBC4Connection@5c3fef20
Driver loaded
Connecting to database :jdbc:mysql://localhost:3306/payroll_service?characterEncoding=latin1
Connection is successful!!!com.mysql.jdbc.JDBC4Connection@16609217
Driver loaded
Connecting to database :jdbc:mysql://localhost:3306/payroll_service?characterEncoding=latin1
Connection is successful!!!com.mysql.jdbc.JDBC4Connection@384a40b5
Driver loaded
Connecting to database :jdbc:mysql://localhost:3306/payroll_service?characterEncoding=latin1
Connection is successful!!!com.mysql.jdbc.JDBC4Connection@5d042ae9
]]></system-out>
  <system-err><![CDATA[]]></system-err>
</testsuite>
