<?xml version="1.0" encoding="UTF-8"?>
<testsuite name="com.fileio.EmployeePayrollServiceTest" tests="1" skipped="0" failures="0" errors="0" timestamp="2021-08-14T09:50:27" hostname="SHRADHA" time="0.293">
  <properties/>
  <testcase name="givenEmployeePayrollInDB_WhenRetrieved_ShouldMatchEmployeeCount()" classname="com.fileio.EmployeePayrollServiceTest" time="0.293"/>
  <system-out><![CDATA[Driver loaded
Connecting to database :jdbc:mysql://localhost:3306/payroll_service?characterEncoding=latin1
Connection is successful!!!com.mysql.jdbc.JDBC4Connection@5b132b0
]]></system-out>
  <system-err><![CDATA[]]></system-err>
</testsuite>
